0 verbose cli /usr/local/bin/node /usr/local/lib/node_modules/npm/bin/npm-cli.js
1 info using npm@10.2.4
2 info using node@v20.11.0
3 timing npm:load:whichnode Completed in 1ms
4 timing config:load:defaults Completed in 1ms
5 timing config:load:file:/usr/local/lib/node_modules/npm/npmrc Completed in 0ms
6 timing config:load:builtin Completed in 0ms
7 timing config:load:cli Completed in 1ms
8 timing config:load:env Completed in 1ms
9 timing config:load:project Completed in 0ms
10 timing config:load:file:/Users/alanwei/.npmrc Completed in 0ms
11 timing config:load:user Completed in 0ms
12 timing config:load:file:/usr/local/etc/npmrc Completed in 0ms
13 timing config:load:global Completed in 0ms
14 timing config:load:setEnvs Completed in 0ms
15 timing config:load Completed in 3ms
16 timing npm:load:configload Completed in 3ms
17 timing config:load:flatten Completed in 1ms
18 timing npm:load:mkdirpcache Completed in 1ms
19 timing npm:load:mkdirplogs Completed in 1ms
20 verbose title npm exec create-next-app@latest deckvault --typescript --tailwind --eslint --app --src-dir --import-alias @/* --use-npm
21 verbose argv "exec" "--yes" "--" "create-next-app@latest" "deckvault" "--typescript" "--tailwind" "--eslint" "--app" "--src-dir" "--import-alias" "@/*" "--use-npm"
22 timing npm:load:setTitle Completed in 5ms
23 timing npm:load:display Completed in 0ms
24 verbose logfile logs-max:10 dir:/Users/alanwei/Startup-1/.npm-cache/_logs/2025-08-13T07_28_50_938Z-
25 verbose logfile /Users/alanwei/Startup-1/.npm-cache/_logs/2025-08-13T07_28_50_938Z-debug-0.log
26 timing npm:load:logFile Completed in 5ms
27 timing npm:load:timers Completed in 0ms
28 timing npm:load:configScope Completed in 0ms
29 timing npm:load Completed in 25ms
30 silly logfile done cleaning log files
31 timing arborist:ctor Completed in 0ms
32 timing arborist:ctor Completed in 0ms
33 http fetch GET 200 https://registry.npmjs.org/create-next-app 230ms (cache miss)
34 timing arborist:ctor Completed in 0ms
35 timing arborist:ctor Completed in 0ms
36 timing arborist:ctor Completed in 0ms
37 timing idealTree:init Completed in 1ms
38 timing idealTree:userRequests Completed in 0ms
39 silly idealTree buildDeps
40 silly fetch manifest create-next-app@15.4.6
41 http fetch GET 200 https://registry.npmjs.org/create-next-app 7ms (cache hit)
42 silly placeDep ROOT create-next-app@15.4.6 OK for:  want: 15.4.6
43 timing idealTree:#root Completed in 19ms
44 timing idealTree:node_modules/create-next-app Completed in 0ms
45 timing idealTree:buildDeps Completed in 20ms
46 timing idealTree:fixDepFlags Completed in 0ms
47 timing idealTree Completed in 21ms
48 timing reify:loadTrees Completed in 21ms
49 timing reify:diffTrees Completed in 0ms
50 silly reify moves {}
51 timing reify:retireShallow Completed in 1ms
52 timing reify:createSparse Completed in 1ms
53 timing reify:loadBundles Completed in 0ms
54 silly audit bulk request { 'create-next-app': [ '15.4.6' ] }
55 silly tarball no local data for create-next-app@https://registry.npmjs.org/create-next-app/-/create-next-app-15.4.6.tgz. Extracting by manifest.
56 http fetch POST 200 https://registry.npmjs.org/-/npm/v1/security/advisories/bulk 82ms
57 timing auditReport:getReport Completed in 82ms
58 silly audit report {}
59 timing auditReport:init Completed in 0ms
60 timing reify:audit Completed in 82ms
61 http fetch GET 200 https://registry.npmjs.org/create-next-app/-/create-next-app-15.4.6.tgz 162ms (cache miss)
62 timing reifyNode:node_modules/create-next-app Completed in 167ms
63 timing reify:unpack Completed in 167ms
64 timing reify:unretire Completed in 0ms
65 timing build:queue Completed in 1ms
66 timing build:link:node_modules/create-next-app Completed in 0ms
67 timing build:link Completed in 0ms
68 timing build:deps Completed in 2ms
69 timing build Completed in 2ms
70 timing reify:build Completed in 2ms
71 timing reify:trash Completed in 0ms
72 timing reify:save Completed in 1ms
73 timing reify Completed in 198ms
74 timing command:exec Completed in 792ms
75 verbose exit 1
76 timing npm Completed in 934ms
77 verbose code 1
